0 info it worked if it ends with ok
1 verbose cli [ '/usr/bin/nodejs', '/usr/bin/npm', 'start' ]
2 info using npm@3.5.2
3 info using node@v4.7.2
4 verbose run-script [ 'prestart', 'start', 'poststart' ]
5 info lifecycle learn-redux@1.0.0~prestart: learn-redux@1.0.0
6 silly lifecycle learn-redux@1.0.0~prestart: no script for prestart, continuing
7 info lifecycle learn-redux@1.0.0~start: learn-redux@1.0.0
8 verbose lifecycle learn-redux@1.0.0~start: unsafe-perm in lifecycle true
9 verbose lifecycle learn-redux@1.0.0~start: PATH: /usr/share/npm/bin/node-gyp-bin:/home/nirmal/workspace/Reduxagram/node_modules/.bin:/usr/local/sbin:/usr/local/bin:/usr/sbin:/usr/bin:/sbin:/bin:/usr/games:/usr/local/games:/snap/bin
10 verbose lifecycle learn-redux@1.0.0~start: CWD: /home/nirmal/workspace/Reduxagram
11 silly lifecycle learn-redux@1.0.0~start: Args: [ '-c', 'node devServer.js' ]
12 info lifecycle learn-redux@1.0.0~start: Failed to exec start script
13 verbose stack Error: learn-redux@1.0.0 start: `node devServer.js`
13 verbose stack spawn ENOENT
13 verbose stack     at ChildProcess.<anonymous> (/usr/share/npm/lib/utils/spawn.js:17:16)
13 verbose stack     at emitTwo (events.js:87:13)
13 verbose stack     at ChildProcess.emit (events.js:172:7)
13 verbose stack     at maybeClose (internal/child_process.js:854:16)
13 verbose stack     at Process.ChildProcess._handle.onexit (internal/child_process.js:222:5)
14 verbose pkgid learn-redux@1.0.0
15 verbose cwd /home/nirmal/workspace/Reduxagram
16 error Linux 4.10.0-19-generic
17 error argv "/usr/bin/nodejs" "/usr/bin/npm" "start"
18 error node v4.7.2
19 error npm  v3.5.2
20 error file sh
21 error code ELIFECYCLE
22 error errno ENOENT
23 error syscall spawn
24 error learn-redux@1.0.0 start: `node devServer.js`
24 error spawn ENOENT
25 error Failed at the learn-redux@1.0.0 start script 'node devServer.js'.
25 error Make sure you have the latest version of node.js and npm installed.
25 error If you do, this is most likely a problem with the learn-redux package,
25 error not with npm itself.
25 error Tell the author that this fails on your system:
25 error     node devServer.js
25 error You can get information on how to open an issue for this project with:
25 error     npm bugs learn-redux
25 error Or if that isn't available, you can get their info via:
25 error     npm owner ls learn-redux
25 error There is likely additional logging output above.
26 verbose exit [ 1, true ]
